{
  "stats": {
    "suites": 0,
    "tests": 1,
    "passes": 1,
    "pending": 0,
    "failures": 0,
    "start": "2022-06-03T00:35:38.471Z",
    "end": "2022-06-03T00:35:43.387Z",
    "duration": 4916,
    "testsRegistered": 1,
    "passPercent": 100,
    "pendingPercent": 0,
    "other": 0,
    "hasOther": false,
    "skipped": 0,
    "hasSkipped": false
  },
  "results": [
    {
      "uuid": "88c1b41b-6edd-408f-bf3a-fe28bd5a8f9a",
      "title": "",
      "fullFile": "cypress/integration/untitled.spec.ts",
      "file": "cypress/integration/untitled.spec.ts",
      "beforeHooks": [],
      "afterHooks": [],
      "tests": [
        {
          "title": "Create Assessment Test Case 1",
          "fullTitle": "Create Assessment Test Case 1",
          "timedOut": null,
          "duration": 3167,
          "state": "passed",
          "speed": "fast",
          "pass": true,
          "fail": false,
          "pending": false,
          "context": null,
          "code": "loginPage.navigate('https://dev-company.profesi.io/auth/login');\nloginPage.enterEmail('recruitmentqaprofesi@yopmail.com');\nloginPage.enterPassword('Qapr0fes1');\nloginPage.clickLogin();",
          "err": {},
          "uuid": "33ce244e-b2ca-48f0-899f-9b414ab9146c",
          "parentUUID": "88c1b41b-6edd-408f-bf3a-fe28bd5a8f9a",
          "isHook": false,
          "skipped": false
        }
      ],
      "suites": [],
      "passes": [
        "33ce244e-b2ca-48f0-899f-9b414ab9146c"
      ],
      "failures": [],
      "pending": [],
      "skipped": [],
      "duration": 3167,
      "root": true,
      "rootEmpty": false,
      "_timeout": 2000
    }
  ],
  "meta": {
    "mocha": {
      "version": "7.0.1"
    },
    "mochawesome": {
      "options": {
        "quiet": false,
        "reportFilename": "mochawesome",
        "saveHtml": false,
        "saveJson": true,
        "consoleReporter": "spec",
        "useInlineDiffs": false,
        "code": true
      },
      "version": "7.1.3"
    },
    "marge": {
      "options": {
        "charts": true,
        "overwrite": false,
        "html": false,
        "json": true,
        "reportDir": "cypress/reports"
      },
      "version": "6.2.0"
    }
  }
}