{
  "stats": {
    "suites": 0,
    "tests": 1,
    "passes": 1,
    "pending": 0,
    "failures": 0,
    "start": "2022-06-03T03:18:34.169Z",
    "end": "2022-06-03T03:18:50.791Z",
    "duration": 16622,
    "testsRegistered": 1,
    "passPercent": 100,
    "pendingPercent": 0,
    "other": 0,
    "hasOther": false,
    "skipped": 0,
    "hasSkipped": false
  },
  "results": [
    {
      "uuid": "764680b0-9afc-40dd-9c72-ebf49d8e7bdd",
      "title": "",
      "fullFile": "cypress/integration/create.assesment.ts",
      "file": "cypress/integration/create.assesment.ts",
      "beforeHooks": [],
      "afterHooks": [],
      "tests": [
        {
          "title": "Create Assessment",
          "fullTitle": "Create Assessment",
          "timedOut": null,
          "duration": 14898,
          "state": "passed",
          "speed": "slow",
          "pass": true,
          "fail": false,
          "pending": false,
          "context": null,
          "code": "//login\nloginPage.navigate('https://dev-company.profesi.io/auth/login');\nloginPage.enterEmail('recruitmentqaprofesi@yopmail.com');\nloginPage.enterPassword('Qapr0fes1');\nloginPage.clickLogin();\ncy.wait(2000);\n//dashboard\ndashboardPage.clickAddAsesmen();\ndashboardPage.enterTitle('Testing 1');\ndashboardPage.enterSDate();\ndashboardPage.enterEDate();\ndashboardPage.clickEmployee();\ncy.wait(1000);\n//ModalEmployee\nMADPage.clickHead();\nMADPage.SelectEmployeeHead();\nMADPage.clickTeam();\nMADPage.SelectEmployeeTeam();\nMADPage.clickBobot();\nMADPage.enterBobotHead('45');\nMADPage.enterBobotTeam('35');\nMADPage.enterBobotSup('0');\nMADPage.clickAddButton();\n//publish\ncy.wait(1000);\ndashboardPage.clickPublish();\ncy.wait(500);\ndashboardPage.clickdialogYes();",
          "err": {},
          "uuid": "098c788a-2452-4fa9-9ba2-b3b06e13bbc6",
          "parentUUID": "764680b0-9afc-40dd-9c72-ebf49d8e7bdd",
          "isHook": false,
          "skipped": false
        }
      ],
      "suites": [],
      "passes": [
        "098c788a-2452-4fa9-9ba2-b3b06e13bbc6"
      ],
      "failures": [],
      "pending": [],
      "skipped": [],
      "duration": 14898,
      "root": true,
      "rootEmpty": false,
      "_timeout": 2000
    }
  ],
  "meta": {
    "mocha": {
      "version": "7.0.1"
    },
    "mochawesome": {
      "options": {
        "quiet": false,
        "reportFilename": "mochawesome",
        "saveHtml": false,
        "saveJson": true,
        "consoleReporter": "spec",
        "useInlineDiffs": false,
        "code": true
      },
      "version": "7.1.3"
    },
    "marge": {
      "options": {
        "charts": true,
        "overwrite": false,
        "html": false,
        "json": true,
        "reportDir": "cypress/reports"
      },
      "version": "6.2.0"
    }
  }
}